<?xml version="1.0" encoding="UTF-8"?>
<!-- Generated by org.testng.reporters.JUnitReportReporter -->
<testsuite hostname="Naveen" failures="0" tests="8" name="com.bank.qa.testcases.LoginPageInvalidLoginsTest" time="42.353" errors="0" timestamp="2024-03-22T15:18:51 IST" skipped="0">
  <testcase classname="com.bank.qa.testcases.LoginPageInvalidLoginsTest" name="verifyInvalidLogins" time="4.771"/>
  <testcase classname="com.bank.qa.testcases.LoginPageInvalidLoginsTest" name="verifyInvalidLogins" time="5.056"/>
  <testcase classname="com.bank.qa.testcases.LoginPageInvalidLoginsTest" name="verifyInvalidLogins" time="5.068"/>
  <testcase classname="com.bank.qa.testcases.LoginPageInvalidLoginsTest" name="verifyInvalidLogins" time="4.909"/>
  <testcase classname="com.bank.qa.testcases.LoginPageInvalidLoginsTest" name="verifyInvalidLogins" time="6.086"/>
  <testcase classname="com.bank.qa.testcases.LoginPageInvalidLoginsTest" name="verifyInvalidLogins" time="5.624"/>
  <testcase classname="com.bank.qa.testcases.LoginPageInvalidLoginsTest" name="verifyInvalidLogins" time="5.683"/>
  <testcase classname="com.bank.qa.testcases.LoginPageInvalidLoginsTest" name="verifyInvalidLogins" time="5.156"/>
</testsuite> <!-- com.bank.qa.testcases.LoginPageInvalidLoginsTest -->
