<?xml version="1.0" encoding="UTF-8"?>
<!-- Generated by org.testng.reporters.JUnitReportReporter -->
<testsuite hostname="Naveen" failures="0" tests="3" name="com.bank.qa.testcases.LoginTest" time="38.830" errors="0" timestamp="2024-03-22T15:18:51 IST" skipped="0">
  <testcase classname="com.bank.qa.testcases.LoginTest" name="loginPageTitleTest" time="10.671"/>
  <testcase classname="com.bank.qa.testcases.LoginTest" name="verifySiteLogo" time="13.207"/>
  <testcase classname="com.bank.qa.testcases.LoginTest" name="verifyLogin" time="14.952"/>
</testsuite> <!-- com.bank.qa.testcases.LoginTest -->
