<?xml version="1.0" encoding="UTF-8"?>
<!-- Generated by org.testng.reporters.JUnitReportReporter -->
<testsuite hostname="Naveen" failures="0" tests="3" name="com.bank.qa.testcases.HomePageTest" time="21.084" errors="0" timestamp="2024-03-22T15:18:51 IST" skipped="0">
  <testcase classname="com.bank.qa.testcases.HomePageTest" name="verifyHomePageTitle" time="6.904"/>
  <testcase classname="com.bank.qa.testcases.HomePageTest" name="verifyManagerLabel" time="6.712"/>
  <testcase classname="com.bank.qa.testcases.HomePageTest" name="verifyEditLinkTest" time="7.468"/>
</testsuite> <!-- com.bank.qa.testcases.HomePageTest -->
